android/app/build/intermediates/manifest_merge_blame_file/debug/manifest-merger-blame-debug-report.txt
1<?xml version="1.0" encoding="utf-8"?>
2<manifest xmlns:android="http://schemas.android.com/apk/res/android"
3    package="com.bd"
4    android:versionCode="1"
5    android:versionName="1.0" >
6
7    <uses-sdk
8        android:minSdkVersion="21"
9        android:targetSdkVersion="29" />
10
11    <uses-permission android:name="android.permission.SYSTEM_ALERT_WINDOW" />
11-->src/debug/AndroidManifest.xml:5:5-77
11-->src/debug/AndroidManifest.xml:5:22-75
12    <uses-permission android:name="android.permission.INTERNET" />
12-->src/main/AndroidManifest.xml:4:5-67
12-->src/main/AndroidManifest.xml:4:22-64
13    <uses-permission android:name="android.permission.ACCESS_WIFI_STATE" />
13-->[com.facebook.flipper:flipper:0.75.1] AndroidManifest.xml:16:5-76
13-->[com.facebook.flipper:flipper:0.75.1] AndroidManifest.xml:16:22-73
14    <uses-permission android:name="android.permission.CAMERA" />
14-->[:react-native-barcode-scanner-google] AndroidManifest.xml:11:5-65
14-->[:react-native-barcode-scanner-google] AndroidManifest.xml:11:22-62
15
16    <application
16-->src/main/AndroidManifest.xml:6:5-25:19
17        android:name="com.bd.MainApplication"
17-->src/main/AndroidManifest.xml:7:7-38
18        android:allowBackup="false"
18-->src/main/AndroidManifest.xml:11:7-34
19        android:appComponentFactory="androidx.core.app.CoreComponentFactory"
19-->[androidx.core:core:1.1.0] AndroidManifest.xml:24:18-86
20        android:debuggable="true"
21        android:icon="@mipmap/ic_launcher"
21-->src/main/AndroidManifest.xml:9:7-41
22        android:label="@string/app_name"
22-->src/main/AndroidManifest.xml:8:7-39
23        android:roundIcon="@mipmap/ic_launcher_round"
23-->src/main/AndroidManifest.xml:10:7-52
24        android:theme="@style/AppTheme"
24-->src/main/AndroidManifest.xml:12:7-38
25        android:usesCleartextTraffic="true" >
25-->src/debug/AndroidManifest.xml:8:9-44
26        <activity android:name="com.facebook.react.devsupport.DevSettingsActivity" />
26-->src/debug/AndroidManifest.xml:11:9-86
26-->src/debug/AndroidManifest.xml:11:19-83
27        <activity
27-->src/main/AndroidManifest.xml:13:7-23:18
28            android:name="com.bd.MainActivity"
28-->src/main/AndroidManifest.xml:14:9-37
29            android:configChanges="keyboard|keyboardHidden|orientation|screenSize|uiMode"
29-->src/main/AndroidManifest.xml:16:9-86
30            android:label="@string/app_name"
30-->src/main/AndroidManifest.xml:15:9-41
31            android:launchMode="singleTask"
31-->src/main/AndroidManifest.xml:17:9-40
32            android:windowSoftInputMode="adjustResize" >
32-->src/main/AndroidManifest.xml:18:9-51
33            <intent-filter>
33-->src/main/AndroidManifest.xml:19:9-22:25
34                <action android:name="android.intent.action.MAIN" />
34-->src/main/AndroidManifest.xml:20:13-65
34-->src/main/AndroidManifest.xml:20:21-62
35
36                <category android:name="android.intent.category.LAUNCHER" />
36-->src/main/AndroidManifest.xml:21:13-73
36-->src/main/AndroidManifest.xml:21:23-70
37            </intent-filter>
38        </activity>
39
40        <meta-data
40-->[:react-native-barcode-scanner-google] AndroidManifest.xml:14:9-16:39
41            android:name="com.google.android.gms.vision.DEPENDENCIES"
41-->[:react-native-barcode-scanner-google] AndroidManifest.xml:15:13-70
42            android:value="barcode" />
42-->[:react-native-barcode-scanner-google] AndroidManifest.xml:16:13-36
43
44        <activity
44-->[com.google.android.gms:play-services-base:11.0.4] AndroidManifest.xml:19:9-172
45            android:name="com.google.android.gms.common.api.GoogleApiActivity"
45-->[com.google.android.gms:play-services-base:11.0.4] AndroidManifest.xml:19:19-85
46            android:exported="false"
46-->[com.google.android.gms:play-services-base:11.0.4] AndroidManifest.xml:19:146-170
47            android:theme="@android:style/Theme.Translucent.NoTitleBar" />
47-->[com.google.android.gms:play-services-base:11.0.4] AndroidManifest.xml:19:86-145
48
49        <meta-data
49-->[com.google.android.gms:play-services-basement:11.0.4] AndroidManifest.xml:20:9-121
50            android:name="com.google.android.gms.version"
50-->[com.google.android.gms:play-services-basement:11.0.4] AndroidManifest.xml:20:20-65
51            android:value="@integer/google_play_services_version" />
51-->[com.google.android.gms:play-services-basement:11.0.4] AndroidManifest.xml:20:66-119
52    </application>
53
54</manifest>